{"ray": {"sid": "08ceb42b8ff743609aae6b9b8e387855", "uid": null, "qid": "ba1746bb04b44e759bb434752863597b", "rid": null, "bars": {"default": {"percent": "100", "remaining": "0"}}, "messages": [{"type": "ERROR", "content": "process - failed executing: [ba1746bb04b44e759bb434752863597b]\nTraceback (most recent call last):\n  File \"/Users/andreit/Work/venv/lib/python3.8/site-packages/openfabric_pysdk/app/worker.py\", line 90, in process\n    output = execution_callback_function(data, ray, self.state)\nTypeError: execute() takes 2 positional arguments but 3 were given\n", "created_at": "2023-12-02T22:25:16.553065"}], "status": "FAILED", "created_at": "2023-12-02T22:25:16.368994", "updated_at": "2023-12-02T22:25:16.555579", "finished": true}, "in": {"text": ["test"]}, "out": {}}